<?xml version="1.0" encoding="UTF-8"?>
<!-- Generated by org.testng.reporters.JUnitReportReporter -->
<testsuite skipped="0" hostname="DESKTOP-UUTUU8G" name="Introduction.RemoveMethodfromExecution" tests="1" failures="0" timestamp="30 May 2019 10:16:42 GMT" time="0.002" errors="0">
  <testcase name="webloginhomeloan" time="0.002" classname="Introduction.RemoveMethodfromExecution"/>
</testsuite> <!-- Introduction.RemoveMethodfromExecution -->
