<?xml version="1.0" encoding="UTF-8"?>
<!-- Generated by org.testng.reporters.JUnitReportReporter -->
<testsuite skipped="0" hostname="DESKTOP-UUTUU8G" name="TestNGPractice.Base" tests="2" failures="0" timestamp="31 May 2019 07:00:09 GMT" time="10.845" errors="0">
  <testcase name="selectPlaces" time="6.272" classname="TestNGPractice.Base"/>
  <testcase name="z" time="4.573" classname="TestNGPractice.Base"/>
</testsuite> <!-- TestNGPractice.Base -->
