<?xml version="1.0" encoding="UTF-8"?>
<!-- Generated by org.testng.reporters.JUnitReportReporter -->
<testsuite skipped="0" hostname="DESKTOP-UUTUU8G" name="Test.ReadData" tests="1" failures="0" timestamp="30 May 2019 11:47:47 GMT" time="0.017" errors="0">
  <testcase name="Login" time="0.017" classname="Test.ReadData"/>
</testsuite> <!-- Test.ReadData -->
