<?xml version="1.0" encoding="UTF-8"?>
<!-- Generated by org.testng.reporters.JUnitReportReporter -->
<testsuite hostname="DESKTOP-UUTUU8G" name="Introduction.Intro1" tests="1" failures="0" timestamp="11 Sep 2019 05:26:31 GMT" time="0.008" errors="0">
  <testcase name="disp" time="0.008" classname="Introduction.Intro1"/>
</testsuite> <!-- Introduction.Intro1 -->
