<?xml version="1.0" encoding="UTF-8"?>
<!-- Generated by org.testng.reporters.JUnitReportReporter -->
<testsuite skipped="0" hostname="DESKTOP-UUTUU8G" name="Introduction.Intro" tests="3" failures="0" timestamp="30 May 2019 03:57:14 GMT" time="0.035" errors="0">
  <testcase name="Z" time="0.030" classname="Introduction.Intro"/>
  <testcase name="demo" time="0.002" classname="Introduction.Intro"/>
  <testcase name="intro" time="0.003" classname="Introduction.Intro"/>
</testsuite> <!-- Introduction.Intro -->
