<?xml version="1.0" encoding="UTF-8"?>
<!-- Generated by org.testng.reporters.JUnitReportReporter -->
<testsuite skipped="0" hostname="DESKTOP-UUTUU8G" name="Introduction" tests="3" failures="0" timestamp="29 May 2019 10:27:01 GMT" time="0.030" errors="0">
  <testcase name="Z" time="0.018" classname="Introduction"/>
  <testcase name="intro" time="0.005" classname="Introduction"/>
  <testcase name="demo" time="0.007" classname="Introduction"/>
</testsuite> <!-- Introduction -->
