<?xml version="1.0" encoding="UTF-8"?>
<!-- Generated by org.testng.reporters.JUnitReportReporter -->
<testsuite hostname="DESKTOP-UUTUU8G" name="Introduction.Intro" tests="3" failures="0" timestamp="11 Sep 2019 05:26:31 GMT" time="0.007" errors="0">
  <testcase name="Z" time="0.003" classname="Introduction.Intro"/>
  <testcase name="login" time="0.004" classname="Introduction.Intro"/>
  <testcase name="intro" time="0.000" classname="Introduction.Intro"/>
</testsuite> <!-- Introduction.Intro -->
