<?xml version="1.0" encoding="UTF-8"?>
<!-- Generated by org.testng.reporters.JUnitReportReporter -->
<testsuite hostname="DESKTOP-UUTUU8G" name="Introduction.RemoveMethodfromExecution" tests="6" failures="0" timestamp="11 Sep 2019 05:26:31 GMT" time="0.159" errors="0">
  <testcase name="APISigninhomeloan" time="0.158" classname="Introduction.RemoveMethodfromExecution"/>
  <testcase name="webloginhomeloan" time="0.000" classname="Introduction.RemoveMethodfromExecution"/>
  <testcase name="APIloginhomeloan" time="0.000" classname="Introduction.RemoveMethodfromExecution"/>
  <testcase name="APISingouthomeloan" time="0.001" classname="Introduction.RemoveMethodfromExecution"/>
  <testcase name="APISingouthomeloan" time="0.000" classname="Introduction.RemoveMethodfromExecution"/>
  <testcase name="APISingouthomeloan" time="0.000" classname="Introduction.RemoveMethodfromExecution"/>
</testsuite> <!-- Introduction.RemoveMethodfromExecution -->
