<?xml version="1.0" encoding="UTF-8"?>
<!-- Generated by org.testng.reporters.JUnitReportReporter -->
<testsuite skipped="0" hostname="DESKTOP-UUTUU8G" name="Introduction.RemoveMethodfromExecution" tests="5" failures="0" timestamp="30 May 2019 03:57:14 GMT" time="0.012" errors="0">
  <testcase name="APISingouthomeloan" time="0.002" classname="Introduction.RemoveMethodfromExecution"/>
  <testcase name="mobileloginhomeloan" time="0.003" classname="Introduction.RemoveMethodfromExecution"/>
  <testcase name="APIloginhomeloan" time="0.004" classname="Introduction.RemoveMethodfromExecution"/>
  <testcase name="webloginhomeloan" time="0.002" classname="Introduction.RemoveMethodfromExecution"/>
  <testcase name="APISigninhomeloan" time="0.001" classname="Introduction.RemoveMethodfromExecution"/>
</testsuite> <!-- Introduction.RemoveMethodfromExecution -->
