<?xml version="1.0" encoding="UTF-8"?>
<!-- Generated by org.testng.reporters.JUnitReportReporter -->
<testsuite skipped="0" hostname="DESKTOP-UUTUU8G" name="Introduction.Intro1" tests="1" failures="0" timestamp="30 May 2019 03:57:14 GMT" time="0.004" errors="0">
  <testcase name="disp" time="0.004" classname="Introduction.Intro1"/>
</testsuite> <!-- Introduction.Intro1 -->
