<?xml version="1.0" encoding="UTF-8"?>
<!-- Generated by org.testng.reporters.JUnitReportReporter -->
<testsuite skipped="0" hostname="DESKTOP-UUTUU8G" name="Test.ReadData" tests="1" failures="0" timestamp="31 May 2019 04:10:03 GMT" time="16.401" errors="0">
  <testcase name="Login" time="16.401" classname="Test.ReadData"/>
</testsuite> <!-- Test.ReadData -->
